This is pdfTeX, Version 3.14159265-2.6-1.40.15 (TeX Live 2014/W32TeX) (preloaded format=pdflatex 2015.5.11)  11 MAY 2015 12:29
entering extended mode
 restricted \write18 enabled.
 %&-line parsing enabled.
**May11.tex
(./May11.tex
LaTeX2e <2014/05/01>
Babel <3.9l> and hyphenation patterns for 79 languages loaded.
(c:/texlive/2014/texmf-dist/tex/latex/base/article.cls
Document Class: article 2014/09/29 v1.4h Standard LaTeX document class
(c:/texlive/2014/texmf-dist/tex/latex/base/size12.clo
File: size12.clo 2014/09/29 v1.4h Standard LaTeX file (size option)
)
\c@part=\count79
\c@section=\count80
\c@subsection=\count81
\c@subsubsection=\count82
\c@paragraph=\count83
\c@subparagraph=\count84
\c@figure=\count85
\c@table=\count86
\abovecaptionskip=\skip41
\belowcaptionskip=\skip42
\bibindent=\dimen102
) (./May11.aux)
\openout1 = `May11.aux'.

LaTeX Font Info:    Checking defaults for OML/cmm/m/it on input line 8.
LaTeX Font Info:    ... okay on input line 8.
LaTeX Font Info:    Checking defaults for T1/cmr/m/n on input line 8.
LaTeX Font Info:    ... okay on input line 8.
LaTeX Font Info:    Checking defaults for OT1/cmr/m/n on input line 8.
LaTeX Font Info:    ... okay on input line 8.
LaTeX Font Info:    Checking defaults for OMS/cmsy/m/n on input line 8.
LaTeX Font Info:    ... okay on input line 8.
LaTeX Font Info:    Checking defaults for OMX/cmex/m/n on input line 8.
LaTeX Font Info:    ... okay on input line 8.
LaTeX Font Info:    Checking defaults for U/cmr/m/n on input line 8.
LaTeX Font Info:    ... okay on input line 8.
LaTeX Font Info:    External font `cmex10' loaded for size
(Font)              <14.4> on input line 9.
LaTeX Font Info:    External font `cmex10' loaded for size
(Font)              <7> on input line 9.

(./May11.toc
LaTeX Font Info:    External font `cmex10' loaded for size
(Font)              <12> on input line 3.
LaTeX Font Info:    External font `cmex10' loaded for size
(Font)              <8> on input line 3.
LaTeX Font Info:    External font `cmex10' loaded for size
(Font)              <6> on input line 3.
)
\tf@toc=\write3
\openout3 = `May11.toc'.

 [1

{c:/texlive/2014/texmf-var/fonts/map/pdftex/updmap/pdftex.map}] [2] [3] (./May1
1.aux) ) 
Here is how much of TeX's memory you used:
 241 strings out of 493109
 2583 string characters out of 6138587
 56967 words of memory out of 5000000
 3777 multiletter control sequences out of 15000+600000
 9285 words of font info for 33 fonts, out of 8000000 for 9000
 1141 hyphenation exceptions out of 8191
 22i,6n,19p,215b,244s stack positions out of 5000i,500n,10000p,200000b,80000s
<c:/texlive/2014/texmf-dist/fonts/type1/public/amsfonts/cm/cmbx10.pfb><
c:/texlive/2014/texmf-dist/fonts/type1/public/amsfonts/cm/cmbx12.pfb><c:/texliv
e/2014/texmf-dist/fonts/type1/public/amsfonts/cm/cmmi12.pfb><c:/texlive/2014/te
xmf-dist/fonts/type1/public/amsfonts/cm/cmmi8.pfb><c:/texlive/2014/texmf-dist/f
onts/type1/public/amsfonts/cm/cmr12.pfb><c:/texlive/2014/texmf-dist/fonts/type1
/public/amsfonts/cm/cmr17.pfb><c:/texlive/2014/texmf-dist/fonts/type1/public/am
sfonts/cm/cmr8.pfb><c:/texlive/2014/texmf-dist/fonts/type1/public/amsfonts/cm/c
mtt12.pfb>
Output written on May11.pdf (3 pages, 82225 bytes).
PDF statistics:
 46 PDF objects out of 1000 (max. 8388607)
 32 compressed objects within 1 object stream
 0 named destinations out of 1000 (max. 500000)
 1 words of extra memory for PDF output out of 10000 (max. 10000000)

